<?xml version="1.0" encoding="UTF-8"?>
<!-- Generated by org.testng.reporters.JUnitXMLReporter -->
<testsuite ignored="1" hostname="IN5CG9292KMP" failures="0" tests="1" name="Default test" time="21.068" errors="0" timestamp="2019-10-22T12:29:17 IST">
  <testcase classname="com.app.qa.testcases.FlightSearchTest" name="searchFlights" time="7.349"/>
  <testcase classname="com.app.qa.testcases.FlightSearchTest" name="verfiyFlightSearchTitleTest" time="0.0">
    <ignored/>
  </testcase> <!-- verfiyFlightSearchTitleTest -->
</testsuite> <!-- Default test -->
