<?xml version="1.0" encoding="UTF-8"?>
<!-- Generated by org.testng.reporters.JUnitXMLReporter -->
<testsuite ignored="0" hostname="IN5CG9292KMP" failures="1" tests="1" name="Test" time="18.712" errors="0" timestamp="2019-10-21T10:59:36 IST">
  <testcase classname="com.app.qa.testcases.FlightSearchTest" name="verfiyFlightSearchTitleTest" time="0.025">
    <failure type="java.lang.AssertionError" message="expected [GoAir: Book Cheap Flight Tickets Online for Domestic &amp;amp; International Destination] but found [GoAir: Book Cheap Flight Tickets Online for Domestic &amp;amp; International Destinations]">
      <![CDATA[java.lang.AssertionError: expected [GoAir: Book Cheap Flight Tickets Online for Domestic & International Destination] but found [GoAir: Book Cheap Flight Tickets Online for Domestic & International Destinations]
at com.app.qa.testcases.FlightSearchTest.verfiyFlightSearchTitleTest(FlightSearchTest.java:42)
at java.base/java.util.ArrayList.forEach(ArrayList.java:1540)
... Removed 32 stack frames]]>
    </failure>
  </testcase> <!-- verfiyFlightSearchTitleTest -->
</testsuite> <!-- Test -->
