<?xml version="1.0" encoding="UTF-8"?>
<!-- Generated by org.testng.reporters.JUnitXMLReporter -->
<testsuite ignored="0" hostname="IN5CG9292KMP" failures="0" tests="4" name="Test" time="67.556" errors="0" timestamp="2019-10-24T10:09:33 IST">
  <testcase classname="com.app.qa.testcases.FlightSearchTest" name="verfiyFlightSearchTitleTest" time="0.036"/>
  <testcase classname="com.app.qa.testcases.FlightSearchTest" name="searchFlightsTest" time="2.921"/>
  <testcase classname="com.app.qa.testcases.FlightSearchTest" name="searchFlightsTest" time="2.842"/>
  <testcase classname="com.app.qa.testcases.FlightSearchTest" name="searchFlightsTest" time="2.98"/>
</testsuite> <!-- Test -->
