<?xml version="1.0" encoding="UTF-8"?>
<!-- Generated by org.testng.reporters.JUnitXMLReporter -->
<testsuite ignored="0" hostname="IN5CG9292KMP" failures="1" tests="1" name="Command line test" time="12.184" errors="0" timestamp="2019-10-20T14:13:32 IST">
  <testcase classname="com.app.qa.testcases.FlightSearchTest" name="verfiyFlightSearchTitleTest" time="0.032">
    <failure type="java.lang.AssertionError" message="expected [GoAir: Book Cheap Flight Tickets Online for Domestic &amp;amp; International Destination] but found [GoAir: Book Cheap Flight Tickets Online for Domestic &amp;amp; International Destinations]">
      <![CDATA[java.lang.AssertionError: expected [GoAir: Book Cheap Flight Tickets Online for Domestic & International Destination] but found [GoAir: Book Cheap Flight Tickets Online for Domestic & International Destinations]
at com.app.qa.testcases.FlightSearchTest.verfiyFlightSearchTitleTest(FlightSearchTest.java:35)
at java.base/java.util.ArrayList.forEach(ArrayList.java:1540)
... Removed 41 stack frames]]>
    </failure>
  </testcase> <!-- verfiyFlightSearchTitleTest -->
</testsuite> <!-- Command line test -->
