<?xml version="1.0" encoding="UTF-8" ?>
<testsuite tests="1" failures="1" name="com.app.qa.testcases.FlightSearchTest" time="0.048" errors="0" skipped="0">
  <properties>
[...]
</properties>
  <testcase classname="com.app.qa.testcases.FlightSearchTest" name="verfiyFlightSearchTitleTest" time="0.048">
    <failure message="expected [GoAir: Book Cheap Flight Tickets Online for Domestic &amp; International Destination] but found [GoAir: Book Cheap Flight Tickets Online for Domestic &amp; International Destinations]" type="java.lang.AssertionError">java.lang.AssertionError: expected [GoAir: Book Cheap Flight Tickets Online for Domestic &amp; International Destination] but found [GoAir: Book Cheap Flight Tickets Online for Domestic &amp; International Destinations]
	at org.testng.Assert.fail(Assert.java:97)
	at org.testng.Assert.assertEqualsImpl(Assert.java:136)
	at org.testng.Assert.assertEquals(Assert.java:118)
	at org.testng.Assert.assertEquals(Assert.java:575)
	at org.testng.Assert.assertEquals(Assert.java:585)
	at com.app.qa.testcases.FlightSearchTest.verfiyFlightSearchTitleTest(FlightSearchTest.java:35)
</failure>
    <system-out>Configuring TestNG with: org.apache.maven.surefire.testng.conf.TestNG652Configurator@61443d8f
Browser dected
GoAir: Book Cheap Flight Tickets Online for Domestic &amp; International Destinations
</system-out>
    <system-err>SLF4J: Failed to load class &quot;org.slf4j.impl.StaticLoggerBinder&quot;.
SLF4J: Defaulting to no-operation (NOP) logger implementation
SLF4J: See http://www.slf4j.org/codes.html#StaticLoggerBinder for further details.
Starting ChromeDriver 77.0.3865.40 (f484704e052e0b556f8030b65b953dce96503217-refs/branch-heads/3865@{#442}) on port 45006
Only local connections are allowed.
Please protect ports used by ChromeDriver and related test frameworks to prevent access by malicious code.
Oct 20, 2019 2:13:24 PM org.openqa.selenium.remote.ProtocolHandshake createSession
INFO: Detected dialect: W3C
</system-err>
  </testcase>
</testsuite>