<?xml version="1.0" encoding="UTF-8"?>
<testng-results ignored="0" total="4" passed="4" failed="0" skipped="0">
  <reporter-output>
    <line>
      <![CDATA[All test started]]>
    </line>
    <line>
      <![CDATA[Starting test isverfiyFlightSearchTitleTest]]>
    </line>
    <line>
      <![CDATA[Test passed isverfiyFlightSearchTitleTest]]>
    </line>
    <line>
      <![CDATA[Starting test issearchFlightsTest]]>
    </line>
    <line>
      <![CDATA[Test passed issearchFlightsTest]]>
    </line>
    <line>
      <![CDATA[Starting test issearchFlightsTest]]>
    </line>
    <line>
      <![CDATA[Test passed issearchFlightsTest]]>
    </line>
    <line>
      <![CDATA[Starting test issearchFlightsTest]]>
    </line>
    <line>
      <![CDATA[Test passed issearchFlightsTest]]>
    </line>
  </reporter-output>
  <suite started-at="2019-10-24T10:08:26 IST" name="Suite" finished-at="2019-10-24T10:09:33 IST" duration-ms="67556">
    <groups>
    </groups>
    <test started-at="2019-10-24T10:08:26 IST" name="Test" finished-at="2019-10-24T10:09:33 IST" duration-ms="67556">
      <class name="com.app.qa.testcases.FlightSearchTest">
        <test-method is-config="true" signature="setup()[pri:0, instance:com.app.qa.testcases.FlightSearchTest@7fcf2fc1]" started-at="2019-10-24T10:08:26 IST" name="setup" finished-at="2019-10-24T10:08:39 IST" duration-ms="13035" status="PASS">
          <reporter-output>
          </reporter-output>
        </test-method> <!-- setup -->
        <test-method signature="verfiyFlightSearchTitleTest()[pri:1, instance:com.app.qa.testcases.FlightSearchTest@7fcf2fc1]" started-at="2019-10-24T10:08:39 IST" name="verfiyFlightSearchTitleTest" finished-at="2019-10-24T10:08:39 IST" duration-ms="36" status="PASS">
          <reporter-output>
            <line>
              <![CDATA[Starting test isverfiyFlightSearchTitleTest]]>
            </line>
            <line>
              <![CDATA[Test passed isverfiyFlightSearchTitleTest]]>
            </line>
          </reporter-output>
        </test-method> <!-- verfiyFlightSearchTitleTest -->
        <test-method is-config="true" signature="tearDown()[pri:0, instance:com.app.qa.testcases.FlightSearchTest@7fcf2fc1]" started-at="2019-10-24T10:08:39 IST" name="tearDown" finished-at="2019-10-24T10:08:42 IST" duration-ms="3631" status="PASS">
          <reporter-output>
          </reporter-output>
        </test-method> <!-- tearDown -->
        <test-method is-config="true" signature="setup()[pri:0, instance:com.app.qa.testcases.FlightSearchTest@7fcf2fc1]" started-at="2019-10-24T10:08:44 IST" name="setup" finished-at="2019-10-24T10:08:54 IST" duration-ms="10220" status="PASS">
          <reporter-output>
          </reporter-output>
        </test-method> <!-- setup -->
        <test-method signature="searchFlightsTest(java.lang.String, java.lang.String)[pri:2, instance:com.app.qa.testcases.FlightSearchTest@7fcf2fc1]" started-at="2019-10-24T10:08:54 IST" name="searchFlightsTest" data-provider="getOriginDestDataTest" finished-at="2019-10-24T10:08:57 IST" duration-ms="2921" status="PASS">
          <params>
            <param index="0">
              <value>
                <![CDATA[mum]]>
              </value>
            </param>
            <param index="1">
              <value>
                <![CDATA[del]]>
              </value>
            </param>
          </params>
          <reporter-output>
            <line>
              <![CDATA[Starting test issearchFlightsTest]]>
            </line>
            <line>
              <![CDATA[Test passed issearchFlightsTest]]>
            </line>
          </reporter-output>
        </test-method> <!-- searchFlightsTest -->
        <test-method is-config="true" signature="tearDown()[pri:0, instance:com.app.qa.testcases.FlightSearchTest@7fcf2fc1]" started-at="2019-10-24T10:08:57 IST" name="tearDown" finished-at="2019-10-24T10:09:00 IST" duration-ms="3432" status="PASS">
          <reporter-output>
          </reporter-output>
        </test-method> <!-- tearDown -->
        <test-method is-config="true" signature="setup()[pri:0, instance:com.app.qa.testcases.FlightSearchTest@7fcf2fc1]" started-at="2019-10-24T10:09:00 IST" name="setup" finished-at="2019-10-24T10:09:10 IST" duration-ms="9942" status="PASS">
          <reporter-output>
          </reporter-output>
        </test-method> <!-- setup -->
        <test-method signature="searchFlightsTest(java.lang.String, java.lang.String)[pri:2, instance:com.app.qa.testcases.FlightSearchTest@7fcf2fc1]" started-at="2019-10-24T10:09:10 IST" name="searchFlightsTest" data-provider="getOriginDestDataTest" finished-at="2019-10-24T10:09:13 IST" duration-ms="2842" status="PASS">
          <params>
            <param index="0">
              <value>
                <![CDATA[mum]]>
              </value>
            </param>
            <param index="1">
              <value>
                <![CDATA[new york]]>
              </value>
            </param>
          </params>
          <reporter-output>
            <line>
              <![CDATA[Starting test issearchFlightsTest]]>
            </line>
            <line>
              <![CDATA[Test passed issearchFlightsTest]]>
            </line>
          </reporter-output>
        </test-method> <!-- searchFlightsTest -->
        <test-method is-config="true" signature="tearDown()[pri:0, instance:com.app.qa.testcases.FlightSearchTest@7fcf2fc1]" started-at="2019-10-24T10:09:13 IST" name="tearDown" finished-at="2019-10-24T10:09:16 IST" duration-ms="3495" status="PASS">
          <reporter-output>
          </reporter-output>
        </test-method> <!-- tearDown -->
        <test-method is-config="true" signature="setup()[pri:0, instance:com.app.qa.testcases.FlightSearchTest@7fcf2fc1]" started-at="2019-10-24T10:09:16 IST" name="setup" finished-at="2019-10-24T10:09:27 IST" duration-ms="10311" status="PASS">
          <reporter-output>
          </reporter-output>
        </test-method> <!-- setup -->
        <test-method signature="searchFlightsTest(java.lang.String, java.lang.String)[pri:2, instance:com.app.qa.testcases.FlightSearchTest@7fcf2fc1]" started-at="2019-10-24T10:09:27 IST" name="searchFlightsTest" data-provider="getOriginDestDataTest" finished-at="2019-10-24T10:09:30 IST" duration-ms="2980" status="PASS">
          <params>
            <param index="0">
              <value>
                <![CDATA[del]]>
              </value>
            </param>
            <param index="1">
              <value>
                <![CDATA[dubai]]>
              </value>
            </param>
          </params>
          <reporter-output>
            <line>
              <![CDATA[Starting test issearchFlightsTest]]>
            </line>
            <line>
              <![CDATA[Test passed issearchFlightsTest]]>
            </line>
          </reporter-output>
        </test-method> <!-- searchFlightsTest -->
        <test-method is-config="true" signature="tearDown()[pri:0, instance:com.app.qa.testcases.FlightSearchTest@7fcf2fc1]" started-at="2019-10-24T10:09:30 IST" name="tearDown" finished-at="2019-10-24T10:09:33 IST" duration-ms="3443" status="PASS">
          <reporter-output>
          </reporter-output>
        </test-method> <!-- tearDown -->
      </class> <!-- com.app.qa.testcases.FlightSearchTest -->
    </test> <!-- Test -->
  </suite> <!-- Suite -->
</testng-results>
