<?xml version="1.0" encoding="UTF-8"?>
<testsuite xmlns:xsi="http://www.w3.org/2001/XMLSchema-instance" xsi:noNamespaceSchemaLocation="https://maven.apache.org/surefire/maven-surefire-plugin/xsd/surefire-test-report.xsd" name="TestSuite" time="71.093" tests="4" errors="0" skipped="0" failures="0">
  <properties>
[...]
</properties>
  <testcase name="verfiyFlightSearchTitleTest" classname="com.app.qa.testcases.FlightSearchTest" time="0.039"/>
  <testcase name="searchFlightsTest" classname="com.app.qa.testcases.FlightSearchTest" time="2.922"/>
  <testcase name="searchFlightsTest" classname="com.app.qa.testcases.FlightSearchTest" time="2.842"/>
  <testcase name="searchFlightsTest" classname="com.app.qa.testcases.FlightSearchTest" time="2.98"/>
</testsuite>