<?xml version="1.0" encoding="UTF-8"?>
<testng-results ignored="1" total="2" passed="1" failed="0" skipped="0">
  <reporter-output>
  </reporter-output>
  <suite started-at="2019-10-22T12:28:56 IST" name="Default suite" finished-at="2019-10-22T12:29:17 IST" duration-ms="21068">
    <groups>
    </groups>
    <test started-at="2019-10-22T12:28:56 IST" name="Default test" finished-at="2019-10-22T12:29:17 IST" duration-ms="21068">
      <class name="com.app.qa.testcases.FlightSearchTest">
        <test-method is-config="true" signature="setup()[pri:0, instance:com.app.qa.testcases.FlightSearchTest@29526c05]" started-at="2019-10-22T12:28:56 IST" name="setup" finished-at="2019-10-22T12:29:08 IST" duration-ms="12280" status="PASS">
          <reporter-output>
          </reporter-output>
        </test-method> <!-- setup -->
        <test-method signature="searchFlights()[pri:0, instance:com.app.qa.testcases.FlightSearchTest@29526c05]" started-at="2019-10-22T12:29:08 IST" name="searchFlights" finished-at="2019-10-22T12:29:15 IST" duration-ms="7349" status="PASS">
          <reporter-output>
          </reporter-output>
        </test-method> <!-- searchFlights -->
        <test-method is-config="true" signature="tearDown()[pri:0, instance:com.app.qa.testcases.FlightSearchTest@29526c05]" started-at="2019-10-22T12:29:15 IST" name="tearDown" finished-at="2019-10-22T12:29:17 IST" duration-ms="1376" status="PASS">
          <reporter-output>
          </reporter-output>
        </test-method> <!-- tearDown -->
      </class> <!-- com.app.qa.testcases.FlightSearchTest -->
    </test> <!-- Default test -->
  </suite> <!-- Default suite -->
</testng-results>
